
/home/runner/work/exp-saponification-value-of-oil-iitk/exp-saponification-value-of-oil-iitk/experiment/simulation/script/newsteps.js
   14:5   warning  'hclneck' is assigned a value but never used               no-unused-vars
   26:5   warning  'ptext' is assigned a value but never used                 no-unused-vars
   31:5   warning  'phvari2' is defined but never used                        no-unused-vars
   34:10  warning  'washBuretteWithDistilledWater' is defined but never used  no-unused-vars
   62:9   warning  'f' is not defined                                         no-undef
   63:9   warning  'f' is not defined                                         no-undef
  139:33  warning  'f' is not defined                                         no-undef
  155:10  warning  'phenolph' is defined but never used                       no-unused-vars
  156:8   warning  'f' is not defined                                         no-undef
  157:9   warning  'f' is not defined                                         no-undef
  181:41  warning  'f' is not defined                                         no-undef
  182:41  warning  'messcounter' is not defined                               no-undef
  183:41  warning  'update' is not defined                                    no-undef
  195:13  warning  'f' is not defined                                         no-undef
  196:9   warning  'f' is not defined                                         no-undef
  221:41  warning  'f' is not defined                                         no-undef
  222:41  warning  'messcounter' is not defined                               no-undef
  223:41  warning  'update' is not defined                                    no-undef
  236:10  warning  'oilflask' is defined but never used                       no-unused-vars
  237:9   warning  'f' is not defined                                         no-undef
  238:9   warning  'f' is not defined                                         no-undef
  256:17  warning  'f' is not defined                                         no-undef
  257:17  warning  'messcounter' is not defined                               no-undef
  258:17  warning  'update' is not defined                                    no-undef
  262:13  warning  'f' is not defined                                         no-undef
  263:9   warning  'f' is not defined                                         no-undef
  270:17  warning  'f' is not defined                                         no-undef
  271:17  warning  'messcounter' is not defined                               no-undef
  272:17  warning  'update' is not defined                                    no-undef
  277:10  warning  'nob' is defined but never used                            no-unused-vars
  278:9   warning  'f' is not defined                                         no-undef
  280:9   warning  'f' is not defined                                         no-undef
  281:9   warning  'messcounter' is not defined                               no-undef
  282:9   warning  'update' is not defined                                    no-undef
  287:13  warning  'resetBtn' is not defined                                  no-undef
  288:13  warning  'startBtn' is not defined                                  no-undef
  290:42  warning  'minute' is not defined                                    no-undef
  290:56  warning  'second' is not defined                                    no-undef
  295:21  warning  'stopBtn' is not defined                                   no-undef
  300:21  warning  'f' is not defined                                         no-undef
  301:21  warning  'chemicals' is not defined                                 no-undef
  301:53  warning  'chemicals' is not defined                                 no-undef
  302:21  warning  'voiceLang' is not defined                                 no-undef
  302:33  warning  'chemicals' is not defined                                 no-undef
  303:21  warning  'speakStep' is not defined                                 no-undef
  303:31  warning  'chemicals' is not defined                                 no-undef
  312:17  warning  'stopBtn' is not defined                                   no-undef
  316:17  warning  'f' is not defined                                         no-undef
  317:17  warning  'chemicals' is not defined                                 no-undef
  317:49  warning  'chemicals' is not defined                                 no-undef
  318:17  warning  'voiceLang' is not defined                                 no-undef
  318:29  warning  'chemicals' is not defined                                 no-undef
  319:17  warning  'speakStep' is not defined                                 no-undef
  319:27  warning  'chemicals' is not defined                                 no-undef
  325:16  warning  'f' is not defined                                         no-undef
  329:10  warning  'chemicals' is not defined                                 no-undef
  329:42  warning  'chemicals' is not defined                                 no-undef
  330:10  warning  'voiceLang' is not defined                                 no-undef
  330:22  warning  'chemicals' is not defined                                 no-undef
  331:10  warning  'speakStep' is not defined                                 no-undef
  331:20  warning  'chemicals' is not defined                                 no-undef
  385:5   warning  'popup' is not defined                                     no-undef
  387:9   warning  'popup' is not defined                                     no-undef
  390:10  warning  'hcl' is defined but never used                            no-unused-vars
  394:9   warning  'f' is not defined                                         no-undef
  395:9   warning  'f' is not defined                                         no-undef
  461:41  warning  'f' is not defined                                         no-undef
  463:41  warning  'update' is not defined                                    no-undef
  553:10  warning  'pippete1' is defined but never used                       no-unused-vars
  554:8   warning  'f' is not defined                                         no-undef
  555:9   warning  'f' is not defined                                         no-undef
  590:41  warning  'f' is not defined                                         no-undef
  591:41  warning  'messcounter' is not defined                               no-undef
  592:41  warning  'update' is not defined                                    no-undef
  603:13  warning  'f' is not defined                                         no-undef
  604:9   warning  'f' is not defined                                         no-undef
  650:57  warning  'f' is not defined                                         no-undef
  651:57  warning  'messcounter' is not defined                               no-undef
  652:57  warning  'update' is not defined                                    no-undef

/home/runner/work/exp-saponification-value-of-oil-iitk/exp-saponification-value-of-oil-iitk/experiment/simulation/script/project.js
   50:5   warning  'startlab' is assigned a value but never used   no-unused-vars
   51:5   warning  'startlab2' is assigned a value but never used  no-unused-vars
   66:10  warning  'start' is defined but never used               no-unused-vars
   80:9   warning  'trial' is not defined                          no-undef
   89:10  warning  'hindi1' is defined but never used              no-unused-vars
   91:5   warning  'lang' is not defined                           no-undef
   95:5   warning  'ins' is not defined                            no-undef
  105:10  warning  'eng1' is defined but never used                no-unused-vars
  107:5   warning  'lang' is not defined                           no-undef
  122:8   warning  'lang' is not defined                           no-undef
  122:21  warning  Empty block statement                           no-empty
  124:13  warning  'lang' is not defined                           no-undef
  127:13  warning  'lang' is not defined                           no-undef
  136:12  warning  'lang' is not defined                           no-undef
  140:17  warning  'lang' is not defined                           no-undef
  154:8   warning  'lang' is not defined                           no-undef
  157:13  warning  'lang' is not defined                           no-undef
  165:5   warning  'koh15' is not defined                          no-undef
  166:5   warning  'pc' is not defined                             no-undef
  167:5   warning  'pb' is not defined                             no-undef
  168:5   warning  'b27' is not defined                            no-undef
  169:5   warning  'b27' is not defined                            no-undef
  170:5   warning  'eburette' is not defined                       no-undef
  171:5   warning  'eburette' is not defined                       no-undef
  172:5   warning  'rotary' is not defined                         no-undef
  173:5   warning  'heaterdone' is not defined                     no-undef
  174:5   warning  'oilsample' is not defined                      no-undef
  175:5   warning  'oilsample' is not defined                      no-undef
  176:5   warning  'oilsample' is not defined                      no-undef
  177:5   warning  'kohoil' is not defined                         no-undef
  178:5   warning  'kohoil' is not defined                         no-undef
  179:5   warning  'kohoil' is not defined                         no-undef
  180:5   warning  'ptext' is not defined                          no-undef
  181:5   warning  'drop' is not defined                           no-undef
  182:5   warning  'drop' is not defined                           no-undef
  183:5   warning  'koh15p' is not defined                         no-undef
  184:5   warning  'koh15p' is not defined                         no-undef
  185:5   warning  'koh15p' is not defined                         no-undef
  186:5   warning  'kohoilp' is not defined                        no-undef
  187:5   warning  'kohoilp' is not defined                        no-undef
  188:5   warning  'kohoilp' is not defined                        no-undef
  189:5   warning  'koh15p' is not defined                         no-undef
  190:5   warning  'koh15p' is not defined                         no-undef
  191:5   warning  'koh15p' is not defined                         no-undef
  192:5   warning  'koh15' is not defined                          no-undef
  193:5   warning  'koh15' is not defined                          no-undef
  194:5   warning  'eflask' is not defined                         no-undef
  195:5   warning  'eflask' is not defined                         no-undef
  196:5   warning  'kohsol' is not defined                         no-undef
  197:5   warning  'kohsol' is not defined                         no-undef
  198:5   warning  'hclsol' is not defined                         no-undef
  199:5   warning  'hclsol' is not defined                         no-undef
  200:5   warning  'hclhalf' is not defined                        no-undef
  201:5   warning  'kohneck' is not defined                        no-undef
  202:5   warning  'kohneck' is not defined                        no-undef
  203:5   warning  'kohhalf' is not defined                        no-undef
  204:5   warning  'kohhalf' is not defined                        no-undef
  205:5   warning  'epippete' is not defined                       no-undef
  206:5   warning  'watch' is not defined                          no-undef
  207:5   warning  'funnel' is not defined                         no-undef

/home/runner/work/exp-saponification-value-of-oil-iitk/exp-saponification-value-of-oil-iitk/experiment/simulation/script/stopwatch.js
   4:10  warning  'startBtn' is defined but never used               no-unused-vars
   5:5   warning  'timer' is not defined                             no-undef
  10:5   warning  'timer' is not defined                             no-undef
  13:10  warning  'resetBtn' is defined but never used               no-unused-vars
  14:5   warning  'timer' is not defined                             no-undef
  20:10  warning  'forwardTimeBy3Minutes' is defined but never used  no-unused-vars
  39:13  warning  'heaterdone' is not defined                        no-undef
  41:9   warning  'f' is not defined                                 no-undef
  42:9   warning  'messcounter' is not defined                       no-undef
  44:13  warning  'update' is not defined                            no-undef
  52:9   warning  'timer' is not defined                             no-undef

/home/runner/work/exp-saponification-value-of-oil-iitk/exp-saponification-value-of-oil-iitk/experiment/simulation/script/titration.js
   18:10  warning  'flask1' is defined but never used   no-unused-vars
   20:8   warning  'f' is not defined                   no-undef
   21:9   warning  'f' is not defined                   no-undef
   22:9   warning  'koh15p' is not defined              no-undef
   23:9   warning  'koh15p' is not defined              no-undef
   24:9   warning  'koh15p' is not defined              no-undef
   25:9   warning  'koh15' is not defined               no-undef
   26:9   warning  'koh15' is not defined               no-undef
   27:9   warning  'koh15' is not defined               no-undef
   29:9   warning  'drop' is not defined                no-undef
   30:9   warning  'drop' is not defined                no-undef
   32:9   warning  'f' is not defined                   no-undef
   34:9   warning  'messcounter' is not defined         no-undef
   35:9   warning  'update' is not defined              no-undef
   37:13  warning  'f' is not defined                   no-undef
   39:9   warning  'f' is not defined                   no-undef
   40:9   warning  'koh15' is not defined               no-undef
   41:9   warning  'koh15' is not defined               no-undef
   42:9   warning  'koh15' is not defined               no-undef
   43:9   warning  'messcounter' is not defined         no-undef
   44:9   warning  'update' is not defined              no-undef
   57:10  warning  'flask2' is defined but never used   no-unused-vars
   59:8   warning  'f' is not defined                   no-undef
   60:9   warning  'f' is not defined                   no-undef
   61:9   warning  'kohoilp' is not defined             no-undef
   62:9   warning  'kohoilp' is not defined             no-undef
   63:9   warning  'kohoilp' is not defined             no-undef
   64:9   warning  'kohoil' is not defined              no-undef
   65:9   warning  'kohoil' is not defined              no-undef
   66:9   warning  'kohoil' is not defined              no-undef
   68:9   warning  'drop' is not defined                no-undef
   69:9   warning  'drop' is not defined                no-undef
   71:9   warning  'f' is not defined                   no-undef
   73:9   warning  'messcounter' is not defined         no-undef
   74:9   warning  'update' is not defined              no-undef
   76:13  warning  'f' is not defined                   no-undef
   78:9   warning  'f' is not defined                   no-undef
   79:9   warning  'kohoil' is not defined              no-undef
   80:9   warning  'kohoil' is not defined              no-undef
   81:9   warning  'kohoil' is not defined              no-undef
   82:9   warning  'startbutton' is not defined         no-undef
   84:9   warning  'messcounter' is not defined         no-undef
   86:9   warning  'update' is not defined              no-undef
   95:10  warning  'titrate' is defined but never used  no-unused-vars
   97:12  warning  'f' is not defined                   no-undef
   98:13  warning  'drop' is not defined                no-undef
   99:13  warning  'drop' is not defined                no-undef
  100:13  warning  'f' is not defined                   no-undef
  102:17  warning  'drop' is not defined                no-undef
  103:17  warning  'drop' is not defined                no-undef
  105:21  warning  'drop' is not defined                no-undef
  106:21  warning  'drop' is not defined                no-undef
  109:25  warning  'drop' is not defined                no-undef
  110:25  warning  'b20' is not defined                 no-undef
  116:16  warning  'f' is not defined                   no-undef
  118:17  warning  'phvari' is not defined              no-undef
  119:17  warning  'koh15' is not defined               no-undef
  120:17  warning  'b20' is not defined                 no-undef
  121:17  warning  'burette' is not defined             no-undef
  123:21  warning  'phvari' is not defined              no-undef
  124:21  warning  'burette' is not defined             no-undef
  125:21  warning  'ptext' is not defined               no-undef
  126:21  warning  'popuphider' is not defined          no-undef
  127:21  warning  'f' is not defined                   no-undef
  129:21  warning  'messcounter' is not defined         no-undef
  130:21  warning  'update' is not defined              no-undef
  132:25  warning  'messcounter' is not defined         no-undef
  133:25  warning  'update' is not defined              no-undef
  145:12  warning  'f' is not defined                   no-undef
  147:13  warning  'drop' is not defined                no-undef
  148:13  warning  'drop' is not defined                no-undef
  149:13  warning  'f' is not defined                   no-undef
  151:17  warning  'drop' is not defined                no-undef
  152:17  warning  'drop' is not defined                no-undef
  154:21  warning  'drop' is not defined                no-undef
  155:21  warning  'drop' is not defined                no-undef
  158:25  warning  'drop' is not defined                no-undef
  159:25  warning  'b27' is not defined                 no-undef
  165:16  warning  'f' is not defined                   no-undef
  167:17  warning  'kohoilp' is not defined             no-undef
  168:17  warning  'kohoil' is not defined              no-undef
  169:17  warning  'b27' is not defined                 no-undef
  170:17  warning  'b20' is not defined                 no-undef
  172:21  warning  'kohoilp' is not defined             no-undef
  173:21  warning  'b20' is not defined                 no-undef
  174:21  warning  'ptext' is not defined               no-undef
  175:21  warning  'popuphider' is not defined          no-undef
  176:21  warning  'f' is not defined                   no-undef
  178:21  warning  'messcounter' is not defined         no-undef
  179:21  warning  'update' is not defined              no-undef
  181:25  warning  'messcounter' is not defined         no-undef
  182:25  warning  'update' is not defined              no-undef
  202:9   warning  'messcounter' is not defined         no-undef
  206:9   warning  'startbutton' is not defined         no-undef
  207:9   warning  'f' is not defined                   no-undef
  208:9   warning  'messcounter' is not defined         no-undef

✖ 246 problems (0 errors, 246 warnings)

